<?xml version="1.0" encoding="UTF-8"?>
<!-- Generated by org.testng.reporters.JUnitXMLReporter -->
<testsuite hostname="Medweb-QSG" name="Default test(failed)(failed)(failed)(failed)" tests="2" failures="2" timestamp="21 Mar 2016 13:20:21 GMT" time="482.622" errors="0">
  <testcase name="testHappyDay59393" time="276.155" classname="requirementGroup.SmokeSuit.ViewPatients.HappyDayImageManagementToolsQCSandbox">
    <failure type="java.lang.AssertionError" message="expected [true] but found [false]">
      <![CDATA[java.lang.AssertionError: expected [true] but found [false]
	at lib.page.ViewPatients.verStudyFromOtherServer(ViewPatients.java:1114)
	at requirementGroup.SmokeSuit.ViewPatients.HappyDayImageManagementToolsQCSandbox.testHappyDay59393(HappyDayImageManagementToolsQCSandbox.java:180)
... Removed 28 stack frames]]>
    </failure>
  </testcase> <!-- testHappyDay59393 -->
  <testcase name="testHappyDay62012" time="192.289" classname="requirementGroup.SmokeSuit.ViewPatients.HappyDayImageManagementToolsQCSandbox">
    <failure type="java.lang.AssertionError" message="expected [true] but found [false]">
      <![CDATA[java.lang.AssertionError: expected [true] but found [false]
	at lib.page.ViewPatients.verNoStudiesAvailableErrorMessage(ViewPatients.java:1512)
	at requirementGroup.SmokeSuit.ViewPatients.HappyDayImageManagementToolsQCSandbox.testHappyDay62012(HappyDayImageManagementToolsQCSandbox.java:1140)
... Removed 28 stack frames]]>
    </failure>
  </testcase> <!-- testHappyDay62012 -->
</testsuite> <!-- Default test(failed)(failed)(failed)(failed) -->
