<?xml version="1.0" encoding="UTF-8"?>
<!-- Generated by org.testng.reporters.JUnitXMLReporter -->
<testsuite hostname="QSG-LP-17" name="Smoke(failed)" tests="14" failures="9" timestamp="28 Jul 2016 08:53:39 GMT" time="2057.017" errors="0">
  <testcase name="Smoke186197" time="205.588" classname="RequirementGroups.Smoke.CreatingAndManagingForms">
    <failure type="java.lang.AssertionError" message="expected [true] but found [false]">
      <![CDATA[java.lang.AssertionError: expected [true] but found [false]
	at EMR.pages.Login.selectFrame(Login.java:81)
	at EMR.pages.SelectRegion.selectRegionAndClickOnNext(SelectRegion.java:44)
	at RequirementGroups.Smoke.CreatingAndManagingForms.Smoke186197(CreatingAndManagingForms.java:70)
... Removed 28 stack frames]]>
    </failure>
  </testcase> <!-- Smoke186197 -->
  <testcase name="Smoke186195" time="0.0" classname="RequirementGroups.Smoke.CreatingAndManagingForms">
    <skipped/>
  </testcase> <!-- Smoke186195 -->
  <testcase name="Smoke186196" time="0.0" classname="RequirementGroups.Smoke.CreatingAndManagingForms">
    <skipped/>
  </testcase> <!-- Smoke186196 -->
  <testcase name="Smoke187097" time="186.432" classname="RequirementGroups.Smoke.CreatingAndManagingForms">
    <failure type="java.lang.AssertionError" message="UserName FIELD is not displayed expected [true] but found [false]">
      <![CDATA[java.lang.AssertionError: UserName FIELD is not displayed expected [true] but found [false]
	at EMR.pages.Login.launchUrlAndVerifyUsernameField(Login.java:155)
	at EMR.pages.Login.loginToApplication(Login.java:144)
	at RequirementGroups.Smoke.CreatingAndManagingForms.Smoke187097(CreatingAndManagingForms.java:241)
... Removed 27 stack frames]]>
    </failure>
  </testcase> <!-- Smoke187097 -->
  <testcase name="Smoke186259" time="64.792" classname="RequirementGroups.Smoke.CreatingAndManagingViews"/>
  <testcase name="Smoke186243" time="199.93" classname="RequirementGroups.Smoke.CreatingAndManagingViews">
    <failure type="java.lang.AssertionError" message="expected [true] but found [false]">
      <![CDATA[java.lang.AssertionError: expected [true] but found [false]
	at EMR.pages.Login.selectFrame(Login.java:81)
	at EMR.pages.SelectRegion.selectRegionAndClickOnNext(SelectRegion.java:44)
	at RequirementGroups.Smoke.CreatingAndManagingViews.Smoke186243(CreatingAndManagingViews.java:126)
... Removed 28 stack frames]]>
    </failure>
  </testcase> <!-- Smoke186243 -->
  <testcase name="Smoke186548" time="406.291" classname="RequirementGroups.Smoke.IntegrationWithEics">
    <failure type="org.openqa.selenium.WebDriverException" message="unknown error: unhandled inspector error: {&amp;quot;code&amp;quot;:-32000,&amp;quot;message&amp;quot;:&amp;quot;Cannot find context with specified id&amp;quot;}
  (Session info: chrome=51.0.2704.103)
  (Driver info: chromedriver=2.9.248315,platform=Windows NT 6.1 SP1 x86) (WARNING: The server did not provide any stacktrace information)
Command duration or timeout: 498 milliseconds
Build info: version: &amp;apos;2.53.0&amp;apos;, revision: &amp;apos;35ae25b1534ae328c771e0856c93e187490ca824&amp;apos;, time: &amp;apos;2016-03-15 10:43:46&amp;apos;
System info: host: &amp;apos;QSG-LP-17&amp;apos;, ip: &amp;apos;10.30.1.179&amp;apos;, os.name: &amp;apos;Windows 7&amp;apos;, os.arch: &amp;apos;x86&amp;apos;, os.version: &amp;apos;6.1&amp;apos;, java.version: &amp;apos;1.8.0_51&amp;apos;
Driver info: org.openqa.selenium.chrome.ChromeDriver
Capabilities [{applicationCacheEnabled=false, rotatable=false, chrome={userDataDir=C:\Users\Swetha\AppData\Local\Temp\scoped_dir7332_23791}, takesHeapSnapshot=true, databaseEnabled=false, handlesAlerts=true, version=51.0.2704.103, platform=XP, browserConnectionEnabled=false, nativeEvents=true, acceptSslCerts=true, locationContextEnabled=true, webStorageEnabled=true, browserName=chrome, takesScreenshot=true, javascriptEnabled=true, cssSelectorsEnabled=true}]
Session ID: ef41f06754d8f2a1ddaa9394cd2ef5b7
*** Element info: {Using=xpath, value=//td/a[text()=&amp;apos;Map&amp;apos;]}">
      <![CDATA[org.openqa.selenium.WebDriverException: unknown error: unhandled inspector error: {"code":-32000,"message":"Cannot find context with specified id"}
  (Session info: chrome=51.0.2704.103)
  (Driver info: chromedriver=2.9.248315,platform=Windows NT 6.1 SP1 x86) (WARNING: The server did not provide any stacktrace information)
Command duration or timeout: 498 milliseconds
Build info: version: '2.53.0', revision: '35ae25b1534ae328c771e0856c93e187490ca824', time: '2016-03-15 10:43:46'
System info: host: 'QSG-LP-17', ip: '10.30.1.179', os.name: 'Windows 7', os.arch: 'x86', os.version: '6.1', java.version: '1.8.0_51'
Driver info: org.openqa.selenium.chrome.ChromeDriver
Capabilities [{applicationCacheEnabled=false, rotatable=false, chrome={userDataDir=C:\Users\Swetha\AppData\Local\Temp\scoped_dir7332_23791}, takesHeapSnapshot=true, databaseEnabled=false, handlesAlerts=true, version=51.0.2704.103, platform=XP, browserConnectionEnabled=false, nativeEvents=true, acceptSslCerts=true, locationContextEnabled=true, webStorageEnabled=true, browserName=chrome, takesScreenshot=true, javascriptEnabled=true, cssSelectorsEnabled=true}]
Session ID: ef41f06754d8f2a1ddaa9394cd2ef5b7
*** Element info: {Using=xpath, value=//td/a[text()='Map']}
	at org.openqa.selenium.remote.ErrorHandler.createThrowable(ErrorHandler.java:206)
	at org.openqa.selenium.remote.ErrorHandler.throwIfResponseFailed(ErrorHandler.java:158)
	at org.openqa.selenium.remote.RemoteWebDriver.execute(RemoteWebDriver.java:678)
	at org.openqa.selenium.remote.RemoteWebDriver.findElement(RemoteWebDriver.java:363)
	at org.openqa.selenium.remote.RemoteWebDriver.findElementByXPath(RemoteWebDriver.java:500)
	at org.openqa.selenium.By$ByXPath.findElement(By.java:361)
	at org.openqa.selenium.remote.RemoteWebDriver.findElement(RemoteWebDriver.java:355)
	at qaFramework.webElements.WebElements.getOne(WebElements.java:32)
	at EMR.pages.Shared.map(Shared.java:226)
	at RequirementGroups.Smoke.IntegrationWithEics.Smoke186548(IntegrationWithEics.java:63)
... Removed 28 stack frames]]>
    </failure>
  </testcase> <!-- Smoke186548 -->
  <testcase name="Smoke186230" time="63.37" classname="RequirementGroups.Smoke.IntegrationWithEMTrack">
    <failure type="java.lang.AssertionError" message="Bayshore Medical expected [Bayshore Medical] but found [selected hospital is other than expected]">
      <![CDATA[java.lang.AssertionError: Bayshore Medical expected [Bayshore Medical] but found [selected hospital is other than expected]
	at EMTrack.pages.Patient.selectHospital(Patient.java:62)
	at EMTrack.pages.Patient.addPatientDetailes(Patient.java:105)
	at RequirementGroups.Smoke.IntegrationWithEMTrack.Smoke186230(IntegrationWithEMTrack.java:67)
... Removed 29 stack frames]]>
    </failure>
  </testcase> <!-- Smoke186230 -->
  <testcase name="Smoke183489" time="209.866" classname="RequirementGroups.Smoke.SetupUsers">
    <failure type="java.lang.AssertionError" message="expected [true] but found [false]">
      <![CDATA[java.lang.AssertionError: expected [true] but found [false]
	at EMR.pages.Login.selectFrame(Login.java:81)
	at EMR.pages.SelectRegion.selectRegionAndClickOnNext(SelectRegion.java:44)
	at RequirementGroups.Smoke.SetupUsers.Smoke183489(SetupUsers.java:76)
... Removed 28 stack frames]]>
    </failure>
  </testcase> <!-- Smoke183489 -->
  <testcase name="Smoke183487" time="15.716" classname="RequirementGroups.Smoke.SetupUsers">
    <failure type="org.openqa.selenium.WebDriverException" message="unknown error: keys should be a string
  (Session info: chrome=51.0.2704.103)
  (Driver info: chromedriver=2.9.248315,platform=Windows NT 6.1 SP1 x86) (WARNING: The server did not provide any stacktrace information)
Command duration or timeout: 130 milliseconds
Build info: version: &amp;apos;2.53.0&amp;apos;, revision: &amp;apos;35ae25b1534ae328c771e0856c93e187490ca824&amp;apos;, time: &amp;apos;2016-03-15 10:43:46&amp;apos;
System info: host: &amp;apos;QSG-LP-17&amp;apos;, ip: &amp;apos;10.30.1.179&amp;apos;, os.name: &amp;apos;Windows 7&amp;apos;, os.arch: &amp;apos;x86&amp;apos;, os.version: &amp;apos;6.1&amp;apos;, java.version: &amp;apos;1.8.0_51&amp;apos;
Driver info: org.openqa.selenium.chrome.ChromeDriver
Capabilities [{applicationCacheEnabled=false, rotatable=false, chrome={userDataDir=C:\Users\Swetha\AppData\Local\Temp\scoped_dir5032_16057}, takesHeapSnapshot=true, databaseEnabled=false, handlesAlerts=true, version=51.0.2704.103, platform=XP, browserConnectionEnabled=false, nativeEvents=true, acceptSslCerts=true, locationContextEnabled=true, webStorageEnabled=true, browserName=chrome, takesScreenshot=true, javascriptEnabled=true, cssSelectorsEnabled=true}]
Session ID: b3c122db56616b13f710f38b3c751f74">
      <![CDATA[org.openqa.selenium.WebDriverException: unknown error: keys should be a string
  (Session info: chrome=51.0.2704.103)
  (Driver info: chromedriver=2.9.248315,platform=Windows NT 6.1 SP1 x86) (WARNING: The server did not provide any stacktrace information)
Command duration or timeout: 130 milliseconds
Build info: version: '2.53.0', revision: '35ae25b1534ae328c771e0856c93e187490ca824', time: '2016-03-15 10:43:46'
System info: host: 'QSG-LP-17', ip: '10.30.1.179', os.name: 'Windows 7', os.arch: 'x86', os.version: '6.1', java.version: '1.8.0_51'
Driver info: org.openqa.selenium.chrome.ChromeDriver
Capabilities [{applicationCacheEnabled=false, rotatable=false, chrome={userDataDir=C:\Users\Swetha\AppData\Local\Temp\scoped_dir5032_16057}, takesHeapSnapshot=true, databaseEnabled=false, handlesAlerts=true, version=51.0.2704.103, platform=XP, browserConnectionEnabled=false, nativeEvents=true, acceptSslCerts=true, locationContextEnabled=true, webStorageEnabled=true, browserName=chrome, takesScreenshot=true, javascriptEnabled=true, cssSelectorsEnabled=true}]
Session ID: b3c122db56616b13f710f38b3c751f74
	at org.openqa.selenium.remote.ErrorHandler.createThrowable(ErrorHandler.java:206)
	at org.openqa.selenium.remote.ErrorHandler.throwIfResponseFailed(ErrorHandler.java:158)
	at org.openqa.selenium.remote.RemoteWebDriver.execute(RemoteWebDriver.java:678)
	at org.openqa.selenium.remote.RemoteWebElement.execute(RemoteWebElement.java:327)
	at org.openqa.selenium.remote.RemoteWebElement.sendKeys(RemoteWebElement.java:122)
	at CAM.pages.HomePage.searchUser(HomePage.java:36)
	at RequirementGroups.Smoke.SetupUsers.Smoke183487(SetupUsers.java:108)
... Removed 28 stack frames]]>
    </failure>
  </testcase> <!-- Smoke183487 -->
  <testcase name="Smoke183488" time="487.874" classname="RequirementGroups.Smoke.SetupUsers">
    <failure type="java.lang.AssertionError" message="UserName FIELD is not displayed expected [true] but found [false]">
      <![CDATA[java.lang.AssertionError: UserName FIELD is not displayed expected [true] but found [false]
	at EMR.pages.Login.launchUrlAndVerifyUsernameField(Login.java:155)
	at EMR.pages.Login.loginToApplication(Login.java:144)
	at RequirementGroups.Smoke.SetupUsers.Smoke183488(SetupUsers.java:146)
... Removed 27 stack frames]]>
    </failure>
  </testcase> <!-- Smoke183488 -->
  <testcase name="Smoke183490" time="0.0" classname="RequirementGroups.Smoke.SetupUsers">
    <skipped/>
  </testcase> <!-- Smoke183490 -->
  <testcase name="Smoke183491" time="0.0" classname="RequirementGroups.Smoke.SetupUsers">
    <skipped/>
  </testcase> <!-- Smoke183491 -->
  <testcase name="Smoke185941" time="74.895" classname="RequirementGroups.Smoke.CreatingAndManagingEvents">
    <failure type="java.lang.AssertionError" message="expected [true] but found [false]">
      <![CDATA[java.lang.AssertionError: expected [true] but found [false]
	at EMR.pages.Login.selectFrame(Login.java:81)
	at EMR.pages.Login.clickOnCancelOfSecurityQuestionPage(Login.java:115)
	at EMR.pages.Login.loginAsUserAndAcknowledgeWebNotification(Login.java:101)
	at RequirementGroups.Smoke.CreatingAndManagingEvents.Smoke185941(CreatingAndManagingEvents.java:58)
... Removed 28 stack frames]]>
    </failure>
  </testcase> <!-- Smoke185941 -->
</testsuite> <!-- Smoke(failed) -->
