<?xml version="1.0" encoding="UTF-8"?>
<!-- Generated by org.testng.reporters.JUnitXMLReporter -->
<testsuite hostname="Medweb-QSG" name="Test(failed)(failed)(failed)(failed)(failed)" tests="30" failures="8" timestamp="9 Oct 2015 11:08:35 GMT" time="921.302" errors="0">
  <testcase name="@AfterMethod tearDown" time="0.0" classname="requirementGroup.DICOMSettings.HappyDayLocalSettings">
    <failure type="org.openqa.selenium.NoSuchWindowException" message="Unable to get browser (WARNING: The server did not provide any stacktrace information)
Command duration or timeout: 16 milliseconds
Build info: version: &amp;apos;2.46.0&amp;apos;, revision: &amp;apos;61506a4624b13675f24581e453592342b7485d71&amp;apos;, time: &amp;apos;2015-06-04 10:22:50&amp;apos;
System info: host: &amp;apos;Medweb-QSG&amp;apos;, ip: &amp;apos;192.168.27.51&amp;apos;, os.name: &amp;apos;Windows 8&amp;apos;, os.arch: &amp;apos;amd64&amp;apos;, os.version: &amp;apos;6.2&amp;apos;, java.version: &amp;apos;1.7.0_51&amp;apos;
Session ID: d7106ceb-80e1-4045-b4c3-fc79cf27f9ef
Driver info: org.openqa.selenium.ie.InternetExplorerDriver
Capabilities [{platform=WINDOWS, javascriptEnabled=true, elementScrollBehavior=0, ignoreZoomSetting=false, enablePersistentHover=true, ie.ensureCleanSession=false, browserName=internet explorer, enableElementCacheCleanup=true, unexpectedAlertBehaviour=dismiss, version=11, pageLoadStrategy=normal, ie.usePerProcessProxy=false, cssSelectorsEnabled=true, ignoreProtectedModeSettings=false, requireWindowFocus=false, initialBrowserUrl=http://localhost:36962/, handlesAlerts=true, ie.forceCreateProcessApi=false, nativeEvents=true, browserAttachTimeout=0, ie.browserCommandLineSwitches=, takesScreenshot=true}]">
      <![CDATA[org.openqa.selenium.NoSuchWindowException: Unable to get browser (WARNING: The server did not provide any stacktrace information)
Command duration or timeout: 16 milliseconds
Build info: version: '2.46.0', revision: '61506a4624b13675f24581e453592342b7485d71', time: '2015-06-04 10:22:50'
System info: host: 'Medweb-QSG', ip: '192.168.27.51', os.name: 'Windows 8', os.arch: 'amd64', os.version: '6.2', java.version: '1.7.0_51'
Session ID: d7106ceb-80e1-4045-b4c3-fc79cf27f9ef
Driver info: org.openqa.selenium.ie.InternetExplorerDriver
Capabilities [{platform=WINDOWS, javascriptEnabled=true, elementScrollBehavior=0, ignoreZoomSetting=false, enablePersistentHover=true, ie.ensureCleanSession=false, browserName=internet explorer, enableElementCacheCleanup=true, unexpectedAlertBehaviour=dismiss, version=11, pageLoadStrategy=normal, ie.usePerProcessProxy=false, cssSelectorsEnabled=true, ignoreProtectedModeSettings=false, requireWindowFocus=false, initialBrowserUrl=http://localhost:36962/, handlesAlerts=true, ie.forceCreateProcessApi=false, nativeEvents=true, browserAttachTimeout=0, ie.browserCommandLineSwitches=, takesScreenshot=true}]
	at org.openqa.selenium.remote.ErrorHandler.createThrowable(ErrorHandler.java:204)
	at org.openqa.selenium.remote.ErrorHandler.throwIfResponseFailed(ErrorHandler.java:156)
	at org.openqa.selenium.remote.RemoteWebDriver.execute(RemoteWebDriver.java:605)
	at org.openqa.selenium.remote.RemoteWebDriver.execute(RemoteWebDriver.java:628)
	at org.openqa.selenium.remote.RemoteWebDriver.close(RemoteWebDriver.java:469)
	at qaframework.lib.testngExtensions.TestNG_UI_EXTENSIONSForOneBrowser.tearDown(TestNG_UI_EXTENSIONSForOneBrowser.java:83)
... Removed 30 stack frames]]>
    </failure>
  </testcase> <!-- @AfterMethod tearDown -->
  <testcase name="@BeforeMethod setUp" time="0.0" classname="requirementGroup.DICOMSettings.HappyDayLocalSettings">
    <skipped/>
  </testcase> <!-- @BeforeMethod setUp -->
  <testcase name="@AfterMethod tearDown" time="0.0" classname="requirementGroup.DICOMSettings.HappyDayLocalSettings">
    <skipped/>
  </testcase> <!-- @AfterMethod tearDown -->
  <testcase name="@BeforeMethod setUp" time="0.0" classname="requirementGroup.ControlPanelServices.HappyDayWorkflowProxy">
    <skipped/>
  </testcase> <!-- @BeforeMethod setUp -->
  <testcase name="@AfterMethod tearDown" time="0.0" classname="requirementGroup.ControlPanelServices.HappyDayWorkflowProxy">
    <skipped/>
  </testcase> <!-- @AfterMethod tearDown -->
  <testcase name="@BeforeMethod setUp" time="0.0" classname="requirementGroup.RISPatientSchedule.HappyDayPatientRegistration">
    <skipped/>
  </testcase> <!-- @BeforeMethod setUp -->
  <testcase name="@AfterMethod tearDown" time="0.0" classname="requirementGroup.RISPatientSchedule.HappyDayPatientRegistration">
    <skipped/>
  </testcase> <!-- @AfterMethod tearDown -->
  <testcase name="@BeforeMethod setUp" time="0.0" classname="requirementGroup.DICOMSettings.HappyDayAddingDestination">
    <skipped/>
  </testcase> <!-- @BeforeMethod setUp -->
  <testcase name="@AfterMethod tearDown" time="0.0" classname="requirementGroup.DICOMSettings.HappyDayAddingDestination">
    <skipped/>
  </testcase> <!-- @AfterMethod tearDown -->
  <testcase name="@BeforeMethod setUp" time="0.0" classname="requirementGroup.DICOMSettings.HappyDayAddingDestination">
    <skipped/>
  </testcase> <!-- @BeforeMethod setUp -->
  <testcase name="@AfterMethod tearDown" time="0.0" classname="requirementGroup.DICOMSettings.HappyDayAddingDestination">
    <skipped/>
  </testcase> <!-- @AfterMethod tearDown -->
  <testcase name="@BeforeMethod setUp" time="0.0" classname="requirementGroup.DICOMSettings.HappyDayAddingDestination">
    <skipped/>
  </testcase> <!-- @BeforeMethod setUp -->
  <testcase name="@AfterMethod tearDown" time="0.0" classname="requirementGroup.DICOMSettings.HappyDayAddingDestination">
    <skipped/>
  </testcase> <!-- @AfterMethod tearDown -->
  <testcase name="@BeforeMethod setUp" time="0.0" classname="requirementGroup.ControlPanelServices.HappyDayMedwebStatistics">
    <skipped/>
  </testcase> <!-- @BeforeMethod setUp -->
  <testcase name="@AfterMethod tearDown" time="0.0" classname="requirementGroup.ControlPanelServices.HappyDayMedwebStatistics">
    <skipped/>
  </testcase> <!-- @AfterMethod tearDown -->
  <testcase name="@BeforeMethod setUp" time="0.0" classname="requirementGroup.Maintenance.HappyDayBackup">
    <skipped/>
  </testcase> <!-- @BeforeMethod setUp -->
  <testcase name="@AfterMethod tearDown" time="0.0" classname="requirementGroup.Maintenance.HappyDayBackup">
    <skipped/>
  </testcase> <!-- @AfterMethod tearDown -->
  <testcase name="@BeforeMethod setUp" time="0.0" classname="requirementGroup.Maintenance.HappyDayBackup">
    <skipped/>
  </testcase> <!-- @BeforeMethod setUp -->
  <testcase name="@AfterMethod tearDown" time="0.0" classname="requirementGroup.Maintenance.HappyDayBackup">
    <skipped/>
  </testcase> <!-- @AfterMethod tearDown -->
  <testcase name="@BeforeMethod setUp" time="0.0" classname="requirementGroup.ViewPatients.HappyDayImageManagementToolsQCSandbox">
    <skipped/>
  </testcase> <!-- @BeforeMethod setUp -->
  <testcase name="@AfterMethod tearDown" time="0.0" classname="requirementGroup.ViewPatients.HappyDayImageManagementToolsQCSandbox">
    <skipped/>
  </testcase> <!-- @AfterMethod tearDown -->
  <testcase name="@BeforeMethod setUp" time="0.0" classname="requirementGroup.ViewPatients.HappyDayImageManagementToolsSendingMWWReports">
    <skipped/>
  </testcase> <!-- @BeforeMethod setUp -->
  <testcase name="@AfterMethod tearDown" time="0.0" classname="requirementGroup.ViewPatients.HappyDayImageManagementToolsSendingMWWReports">
    <skipped/>
  </testcase> <!-- @AfterMethod tearDown -->
  <testcase name="@BeforeMethod setUp" time="0.0" classname="requirementGroup.Maintenance.HappyDayRestore">
    <skipped/>
  </testcase> <!-- @BeforeMethod setUp -->
  <testcase name="@AfterMethod tearDown" time="0.0" classname="requirementGroup.Maintenance.HappyDayRestore">
    <skipped/>
  </testcase> <!-- @AfterMethod tearDown -->
  <testcase name="@BeforeMethod setUp" time="0.0" classname="requirementGroup.ViewPatients.HappyDayWebReportsCreateReportsInReportEditor">
    <skipped/>
  </testcase> <!-- @BeforeMethod setUp -->
  <testcase name="@AfterMethod tearDown" time="0.0" classname="requirementGroup.ViewPatients.HappyDayWebReportsCreateReportsInReportEditor">
    <skipped/>
  </testcase> <!-- @AfterMethod tearDown -->
  <testcase name="@BeforeMethod setUp" time="0.0" classname="requirementGroup.ViewPatients.HappyDayWebReportsCreateReportsInReportEditor">
    <skipped/>
  </testcase> <!-- @BeforeMethod setUp -->
  <testcase name="@AfterMethod tearDown" time="0.0" classname="requirementGroup.ViewPatients.HappyDayWebReportsCreateReportsInReportEditor">
    <skipped/>
  </testcase> <!-- @AfterMethod tearDown -->
  <testcase name="@BeforeMethod setUp" time="0.0" classname="requirementGroup.ViewPatients.HappyDayImageManagementToolsSendingPDFReports">
    <skipped/>
  </testcase> <!-- @BeforeMethod setUp -->
  <testcase name="@AfterMethod tearDown" time="0.0" classname="requirementGroup.ViewPatients.HappyDayImageManagementToolsSendingPDFReports">
    <skipped/>
  </testcase> <!-- @AfterMethod tearDown -->
  <testcase name="@BeforeMethod setUp" time="0.0" classname="requirementGroup.DICOMSettings.HappyDayAetitleRouting">
    <skipped/>
  </testcase> <!-- @BeforeMethod setUp -->
  <testcase name="@AfterMethod tearDown" time="0.0" classname="requirementGroup.DICOMSettings.HappyDayAetitleRouting">
    <skipped/>
  </testcase> <!-- @AfterMethod tearDown -->
  <testcase name="@BeforeMethod setUp" time="0.0" classname="requirementGroup.DICOMSettings.HappyDayAetitleRouting">
    <skipped/>
  </testcase> <!-- @BeforeMethod setUp -->
  <testcase name="@AfterMethod tearDown" time="0.0" classname="requirementGroup.DICOMSettings.HappyDayAetitleRouting">
    <skipped/>
  </testcase> <!-- @AfterMethod tearDown -->
  <testcase name="@BeforeMethod setUp" time="0.0" classname="requirementGroup.DICOMSettings.HappyDayAetitleRouting">
    <skipped/>
  </testcase> <!-- @BeforeMethod setUp -->
  <testcase name="@AfterMethod tearDown" time="0.0" classname="requirementGroup.DICOMSettings.HappyDayAetitleRouting">
    <skipped/>
  </testcase> <!-- @AfterMethod tearDown -->
  <testcase name="@BeforeMethod setUp" time="0.0" classname="requirementGroup.DICOMSettings.HappyDayAetitleRouting">
    <skipped/>
  </testcase> <!-- @BeforeMethod setUp -->
  <testcase name="@AfterMethod tearDown" time="0.0" classname="requirementGroup.DICOMSettings.HappyDayAetitleRouting">
    <skipped/>
  </testcase> <!-- @AfterMethod tearDown -->
  <testcase name="testHappyDay68003" time="164.599" classname="requirementGroup.Users.HappyDayModifyingAdmin"/>
  <testcase name="testHappyDay68305" time="12.5" classname="requirementGroup.ServiceStatus.HappyDaySoftwareInfo"/>
  <testcase name="testHappyDay68324" time="83.715" classname="requirementGroup.DICOMSettings.HappyDayLocalSettings">
    <failure type="org.openqa.selenium.NoSuchElementException" message="Unable to find element with xpath == //td[contains(text(),&amp;apos;PFQ000206S&amp;apos;)]//preceding-sibling::td//input (WARNING: The server did not provide any stacktrace information)
Command duration or timeout: 15.27 seconds
For documentation on this error, please visit: http://seleniumhq.org/exceptions/no_such_element.html
Build info: version: &amp;apos;2.46.0&amp;apos;, revision: &amp;apos;61506a4624b13675f24581e453592342b7485d71&amp;apos;, time: &amp;apos;2015-06-04 10:22:50&amp;apos;
System info: host: &amp;apos;Medweb-QSG&amp;apos;, ip: &amp;apos;192.168.27.51&amp;apos;, os.name: &amp;apos;Windows 8&amp;apos;, os.arch: &amp;apos;amd64&amp;apos;, os.version: &amp;apos;6.2&amp;apos;, java.version: &amp;apos;1.7.0_51&amp;apos;
*** Element info: {Using=xpath, value=//td[contains(text(),&amp;apos;PFQ000206S&amp;apos;)]//preceding-sibling::td//input}
Session ID: 05fc8b7c-b652-4f5a-a2ed-9ab01b572e66
Driver info: org.openqa.selenium.ie.InternetExplorerDriver
Capabilities [{platform=WINDOWS, javascriptEnabled=true, elementScrollBehavior=0, ignoreZoomSetting=false, enablePersistentHover=true, ie.ensureCleanSession=false, browserName=internet explorer, enableElementCacheCleanup=true, unexpectedAlertBehaviour=dismiss, version=11, pageLoadStrategy=normal, ie.usePerProcessProxy=false, cssSelectorsEnabled=true, ignoreProtectedModeSettings=false, requireWindowFocus=false, initialBrowserUrl=http://localhost:26974/, handlesAlerts=true, ie.forceCreateProcessApi=false, nativeEvents=true, browserAttachTimeout=0, ie.browserCommandLineSwitches=, takesScreenshot=true}]">
      <![CDATA[org.openqa.selenium.NoSuchElementException: Unable to find element with xpath == //td[contains(text(),'PFQ000206S')]//preceding-sibling::td//input (WARNING: The server did not provide any stacktrace information)
Command duration or timeout: 15.27 seconds
For documentation on this error, please visit: http://seleniumhq.org/exceptions/no_such_element.html
Build info: version: '2.46.0', revision: '61506a4624b13675f24581e453592342b7485d71', time: '2015-06-04 10:22:50'
System info: host: 'Medweb-QSG', ip: '192.168.27.51', os.name: 'Windows 8', os.arch: 'amd64', os.version: '6.2', java.version: '1.7.0_51'
*** Element info: {Using=xpath, value=//td[contains(text(),'PFQ000206S')]//preceding-sibling::td//input}
Session ID: 05fc8b7c-b652-4f5a-a2ed-9ab01b572e66
Driver info: org.openqa.selenium.ie.InternetExplorerDriver
Capabilities [{platform=WINDOWS, javascriptEnabled=true, elementScrollBehavior=0, ignoreZoomSetting=false, enablePersistentHover=true, ie.ensureCleanSession=false, browserName=internet explorer, enableElementCacheCleanup=true, unexpectedAlertBehaviour=dismiss, version=11, pageLoadStrategy=normal, ie.usePerProcessProxy=false, cssSelectorsEnabled=true, ignoreProtectedModeSettings=false, requireWindowFocus=false, initialBrowserUrl=http://localhost:26974/, handlesAlerts=true, ie.forceCreateProcessApi=false, nativeEvents=true, browserAttachTimeout=0, ie.browserCommandLineSwitches=, takesScreenshot=true}]
	at org.openqa.selenium.remote.ErrorHandler.createThrowable(ErrorHandler.java:204)
	at org.openqa.selenium.remote.ErrorHandler.throwIfResponseFailed(ErrorHandler.java:156)
	at org.openqa.selenium.remote.RemoteWebDriver.execute(RemoteWebDriver.java:605)
	at org.openqa.selenium.remote.RemoteWebDriver.findElement(RemoteWebDriver.java:358)
	at org.openqa.selenium.remote.RemoteWebDriver.findElementByXPath(RemoteWebDriver.java:455)
	at org.openqa.selenium.By$ByXPath.findElement(By.java:358)
	at org.openqa.selenium.remote.RemoteWebDriver.findElement(RemoteWebDriver.java:350)
	at qaframework.lib.webElements.WebElements.getOne(WebElements.java:34)
	at lib.page.ViewPatients.deSelThisStudyReadCheckBox(ViewPatients.java:875)
	at requirementGroup.DICOMSettings.HappyDayLocalSettings.testHappyDay68324(HappyDayLocalSettings.java:688)
... Removed 28 stack frames]]>
    </failure>
  </testcase> <!-- testHappyDay68324 -->
  <testcase name="testHappyDay68321" time="48.726" classname="requirementGroup.DICOMSettings.HappyDayLocalSettings">
    <failure type="org.openqa.selenium.NoSuchElementException" message="Unable to find element with xpath == //input[@type=&amp;apos;text&amp;apos;][@name=&amp;apos;credential_0&amp;apos;] (WARNING: The server did not provide any stacktrace information)
Command duration or timeout: 15.11 seconds
For documentation on this error, please visit: http://seleniumhq.org/exceptions/no_such_element.html
Build info: version: &amp;apos;2.46.0&amp;apos;, revision: &amp;apos;61506a4624b13675f24581e453592342b7485d71&amp;apos;, time: &amp;apos;2015-06-04 10:22:50&amp;apos;
System info: host: &amp;apos;Medweb-QSG&amp;apos;, ip: &amp;apos;192.168.27.51&amp;apos;, os.name: &amp;apos;Windows 8&amp;apos;, os.arch: &amp;apos;amd64&amp;apos;, os.version: &amp;apos;6.2&amp;apos;, java.version: &amp;apos;1.7.0_51&amp;apos;
*** Element info: {Using=xpath, value=//input[@type=&amp;apos;text&amp;apos;][@name=&amp;apos;credential_0&amp;apos;]}
Session ID: d1ae463f-1310-482e-9d35-80a5c8fb3f6e
Driver info: org.openqa.selenium.ie.InternetExplorerDriver
Capabilities [{platform=WINDOWS, javascriptEnabled=true, elementScrollBehavior=0, ignoreZoomSetting=false, enablePersistentHover=true, ie.ensureCleanSession=false, browserName=internet explorer, enableElementCacheCleanup=true, unexpectedAlertBehaviour=dismiss, version=11, pageLoadStrategy=normal, ie.usePerProcessProxy=false, cssSelectorsEnabled=true, ignoreProtectedModeSettings=false, requireWindowFocus=false, initialBrowserUrl=http://localhost:21666/, handlesAlerts=true, ie.forceCreateProcessApi=false, nativeEvents=true, browserAttachTimeout=0, ie.browserCommandLineSwitches=, takesScreenshot=true}]">
      <![CDATA[org.openqa.selenium.NoSuchElementException: Unable to find element with xpath == //input[@type='text'][@name='credential_0'] (WARNING: The server did not provide any stacktrace information)
Command duration or timeout: 15.11 seconds
For documentation on this error, please visit: http://seleniumhq.org/exceptions/no_such_element.html
Build info: version: '2.46.0', revision: '61506a4624b13675f24581e453592342b7485d71', time: '2015-06-04 10:22:50'
System info: host: 'Medweb-QSG', ip: '192.168.27.51', os.name: 'Windows 8', os.arch: 'amd64', os.version: '6.2', java.version: '1.7.0_51'
*** Element info: {Using=xpath, value=//input[@type='text'][@name='credential_0']}
Session ID: d1ae463f-1310-482e-9d35-80a5c8fb3f6e
Driver info: org.openqa.selenium.ie.InternetExplorerDriver
Capabilities [{platform=WINDOWS, javascriptEnabled=true, elementScrollBehavior=0, ignoreZoomSetting=false, enablePersistentHover=true, ie.ensureCleanSession=false, browserName=internet explorer, enableElementCacheCleanup=true, unexpectedAlertBehaviour=dismiss, version=11, pageLoadStrategy=normal, ie.usePerProcessProxy=false, cssSelectorsEnabled=true, ignoreProtectedModeSettings=false, requireWindowFocus=false, initialBrowserUrl=http://localhost:21666/, handlesAlerts=true, ie.forceCreateProcessApi=false, nativeEvents=true, browserAttachTimeout=0, ie.browserCommandLineSwitches=, takesScreenshot=true}]
	at org.openqa.selenium.remote.ErrorHandler.createThrowable(ErrorHandler.java:204)
	at org.openqa.selenium.remote.ErrorHandler.throwIfResponseFailed(ErrorHandler.java:156)
	at org.openqa.selenium.remote.RemoteWebDriver.execute(RemoteWebDriver.java:605)
	at org.openqa.selenium.remote.RemoteWebDriver.findElement(RemoteWebDriver.java:358)
	at org.openqa.selenium.remote.RemoteWebDriver.findElementByXPath(RemoteWebDriver.java:455)
	at org.openqa.selenium.By$ByXPath.findElement(By.java:358)
	at org.openqa.selenium.remote.RemoteWebDriver.findElement(RemoteWebDriver.java:350)
	at qaframework.lib.webElements.WebElements.getOne(WebElements.java:34)
	at qaframework.lib.webElements.WebElements.clearInputValue(WebElements.java:72)
	at lib.page.Login.enterUserName(Login.java:83)
	at lib.page.Login.login(Login.java:45)
	at requirementGroup.DICOMSettings.HappyDayLocalSettings.testHappyDay68321(HappyDayLocalSettings.java:383)
... Removed 28 stack frames]]>
    </failure>
  </testcase> <!-- testHappyDay68321 -->
  <testcase name="testHappyDay68326" time="75.922" classname="requirementGroup.DICOMSettings.HappyDayLocalSettings">
    <failure type="org.openqa.selenium.NoSuchElementException" message="Unable to find element with xpath == //td[contains(text(),&amp;apos;PFQ000206S&amp;apos;)]//preceding-sibling::td//input (WARNING: The server did not provide any stacktrace information)
Command duration or timeout: 15.24 seconds
For documentation on this error, please visit: http://seleniumhq.org/exceptions/no_such_element.html
Build info: version: &amp;apos;2.46.0&amp;apos;, revision: &amp;apos;61506a4624b13675f24581e453592342b7485d71&amp;apos;, time: &amp;apos;2015-06-04 10:22:50&amp;apos;
System info: host: &amp;apos;Medweb-QSG&amp;apos;, ip: &amp;apos;192.168.27.51&amp;apos;, os.name: &amp;apos;Windows 8&amp;apos;, os.arch: &amp;apos;amd64&amp;apos;, os.version: &amp;apos;6.2&amp;apos;, java.version: &amp;apos;1.7.0_51&amp;apos;
*** Element info: {Using=xpath, value=//td[contains(text(),&amp;apos;PFQ000206S&amp;apos;)]//preceding-sibling::td//input}
Session ID: d7948029-21cc-44a2-bca8-522544470b34
Driver info: org.openqa.selenium.ie.InternetExplorerDriver
Capabilities [{platform=WINDOWS, javascriptEnabled=true, elementScrollBehavior=0, ignoreZoomSetting=false, enablePersistentHover=true, ie.ensureCleanSession=false, browserName=internet explorer, enableElementCacheCleanup=true, unexpectedAlertBehaviour=dismiss, version=11, pageLoadStrategy=normal, ie.usePerProcessProxy=false, cssSelectorsEnabled=true, ignoreProtectedModeSettings=false, requireWindowFocus=false, initialBrowserUrl=http://localhost:16951/, handlesAlerts=true, ie.forceCreateProcessApi=false, nativeEvents=true, browserAttachTimeout=0, ie.browserCommandLineSwitches=, takesScreenshot=true}]">
      <![CDATA[org.openqa.selenium.NoSuchElementException: Unable to find element with xpath == //td[contains(text(),'PFQ000206S')]//preceding-sibling::td//input (WARNING: The server did not provide any stacktrace information)
Command duration or timeout: 15.24 seconds
For documentation on this error, please visit: http://seleniumhq.org/exceptions/no_such_element.html
Build info: version: '2.46.0', revision: '61506a4624b13675f24581e453592342b7485d71', time: '2015-06-04 10:22:50'
System info: host: 'Medweb-QSG', ip: '192.168.27.51', os.name: 'Windows 8', os.arch: 'amd64', os.version: '6.2', java.version: '1.7.0_51'
*** Element info: {Using=xpath, value=//td[contains(text(),'PFQ000206S')]//preceding-sibling::td//input}
Session ID: d7948029-21cc-44a2-bca8-522544470b34
Driver info: org.openqa.selenium.ie.InternetExplorerDriver
Capabilities [{platform=WINDOWS, javascriptEnabled=true, elementScrollBehavior=0, ignoreZoomSetting=false, enablePersistentHover=true, ie.ensureCleanSession=false, browserName=internet explorer, enableElementCacheCleanup=true, unexpectedAlertBehaviour=dismiss, version=11, pageLoadStrategy=normal, ie.usePerProcessProxy=false, cssSelectorsEnabled=true, ignoreProtectedModeSettings=false, requireWindowFocus=false, initialBrowserUrl=http://localhost:16951/, handlesAlerts=true, ie.forceCreateProcessApi=false, nativeEvents=true, browserAttachTimeout=0, ie.browserCommandLineSwitches=, takesScreenshot=true}]
	at org.openqa.selenium.remote.ErrorHandler.createThrowable(ErrorHandler.java:204)
	at org.openqa.selenium.remote.ErrorHandler.throwIfResponseFailed(ErrorHandler.java:156)
	at org.openqa.selenium.remote.RemoteWebDriver.execute(RemoteWebDriver.java:605)
	at org.openqa.selenium.remote.RemoteWebDriver.findElement(RemoteWebDriver.java:358)
	at org.openqa.selenium.remote.RemoteWebDriver.findElementByXPath(RemoteWebDriver.java:455)
	at org.openqa.selenium.By$ByXPath.findElement(By.java:358)
	at org.openqa.selenium.remote.RemoteWebDriver.findElement(RemoteWebDriver.java:350)
	at qaframework.lib.webElements.WebElements.getOne(WebElements.java:34)
	at lib.page.ViewPatients.deSelThisStudyReadCheckBox(ViewPatients.java:875)
	at requirementGroup.DICOMSettings.HappyDayLocalSettings.testHappyDay68326(HappyDayLocalSettings.java:577)
... Removed 28 stack frames]]>
    </failure>
  </testcase> <!-- testHappyDay68326 -->
  <testcase name="testHappyDay100685" time="75.658" classname="requirementGroup.DICOMSettings.HappyDayLocalSettings">
    <failure type="org.openqa.selenium.NoSuchElementException" message="Unable to find element with xpath == //input[@type=&amp;apos;text&amp;apos;][@name=&amp;apos;credential_0&amp;apos;] (WARNING: The server did not provide any stacktrace information)
Command duration or timeout: 15.16 seconds
For documentation on this error, please visit: http://seleniumhq.org/exceptions/no_such_element.html
Build info: version: &amp;apos;2.46.0&amp;apos;, revision: &amp;apos;61506a4624b13675f24581e453592342b7485d71&amp;apos;, time: &amp;apos;2015-06-04 10:22:50&amp;apos;
System info: host: &amp;apos;Medweb-QSG&amp;apos;, ip: &amp;apos;192.168.27.51&amp;apos;, os.name: &amp;apos;Windows 8&amp;apos;, os.arch: &amp;apos;amd64&amp;apos;, os.version: &amp;apos;6.2&amp;apos;, java.version: &amp;apos;1.7.0_51&amp;apos;
*** Element info: {Using=xpath, value=//input[@type=&amp;apos;text&amp;apos;][@name=&amp;apos;credential_0&amp;apos;]}
Session ID: 8b4357d3-7daa-400f-975e-480c0492b59f
Driver info: org.openqa.selenium.ie.InternetExplorerDriver
Capabilities [{platform=WINDOWS, javascriptEnabled=true, elementScrollBehavior=0, ignoreZoomSetting=false, enablePersistentHover=true, ie.ensureCleanSession=false, browserName=internet explorer, enableElementCacheCleanup=true, unexpectedAlertBehaviour=dismiss, version=11, pageLoadStrategy=normal, ie.usePerProcessProxy=false, cssSelectorsEnabled=true, ignoreProtectedModeSettings=false, requireWindowFocus=false, initialBrowserUrl=http://localhost:38576/, handlesAlerts=true, ie.forceCreateProcessApi=false, nativeEvents=true, browserAttachTimeout=0, ie.browserCommandLineSwitches=, takesScreenshot=true}]">
      <![CDATA[org.openqa.selenium.NoSuchElementException: Unable to find element with xpath == //input[@type='text'][@name='credential_0'] (WARNING: The server did not provide any stacktrace information)
Command duration or timeout: 15.16 seconds
For documentation on this error, please visit: http://seleniumhq.org/exceptions/no_such_element.html
Build info: version: '2.46.0', revision: '61506a4624b13675f24581e453592342b7485d71', time: '2015-06-04 10:22:50'
System info: host: 'Medweb-QSG', ip: '192.168.27.51', os.name: 'Windows 8', os.arch: 'amd64', os.version: '6.2', java.version: '1.7.0_51'
*** Element info: {Using=xpath, value=//input[@type='text'][@name='credential_0']}
Session ID: 8b4357d3-7daa-400f-975e-480c0492b59f
Driver info: org.openqa.selenium.ie.InternetExplorerDriver
Capabilities [{platform=WINDOWS, javascriptEnabled=true, elementScrollBehavior=0, ignoreZoomSetting=false, enablePersistentHover=true, ie.ensureCleanSession=false, browserName=internet explorer, enableElementCacheCleanup=true, unexpectedAlertBehaviour=dismiss, version=11, pageLoadStrategy=normal, ie.usePerProcessProxy=false, cssSelectorsEnabled=true, ignoreProtectedModeSettings=false, requireWindowFocus=false, initialBrowserUrl=http://localhost:38576/, handlesAlerts=true, ie.forceCreateProcessApi=false, nativeEvents=true, browserAttachTimeout=0, ie.browserCommandLineSwitches=, takesScreenshot=true}]
	at org.openqa.selenium.remote.ErrorHandler.createThrowable(ErrorHandler.java:204)
	at org.openqa.selenium.remote.ErrorHandler.throwIfResponseFailed(ErrorHandler.java:156)
	at org.openqa.selenium.remote.RemoteWebDriver.execute(RemoteWebDriver.java:605)
	at org.openqa.selenium.remote.RemoteWebDriver.findElement(RemoteWebDriver.java:358)
	at org.openqa.selenium.remote.RemoteWebDriver.findElementByXPath(RemoteWebDriver.java:455)
	at org.openqa.selenium.By$ByXPath.findElement(By.java:358)
	at org.openqa.selenium.remote.RemoteWebDriver.findElement(RemoteWebDriver.java:350)
	at qaframework.lib.webElements.WebElements.getOne(WebElements.java:34)
	at qaframework.lib.webElements.WebElements.clearInputValue(WebElements.java:72)
	at lib.page.Login.enterUserName(Login.java:83)
	at lib.page.Login.login(Login.java:45)
	at requirementGroup.DICOMSettings.HappyDayLocalSettings.testHappyDay100685(HappyDayLocalSettings.java:118)
... Removed 27 stack frames]]>
    </failure>
  </testcase> <!-- testHappyDay100685 -->
  <testcase name="testHappyDay167038" time="108.331" classname="requirementGroup.DICOMSettings.HappyDayLocalSettings">
    <failure type="org.openqa.selenium.NoSuchElementException" message="Cannot locate element with text: RH4 (192.168.27.93:104)
For documentation on this error, please visit: http://seleniumhq.org/exceptions/no_such_element.html
Build info: version: &amp;apos;2.46.0&amp;apos;, revision: &amp;apos;61506a4624b13675f24581e453592342b7485d71&amp;apos;, time: &amp;apos;2015-06-04 10:22:50&amp;apos;
System info: host: &amp;apos;Medweb-QSG&amp;apos;, ip: &amp;apos;192.168.27.51&amp;apos;, os.name: &amp;apos;Windows 8&amp;apos;, os.arch: &amp;apos;amd64&amp;apos;, os.version: &amp;apos;6.2&amp;apos;, java.version: &amp;apos;1.7.0_51&amp;apos;
Driver info: driver.version: unknown">
      <![CDATA[org.openqa.selenium.NoSuchElementException: Cannot locate element with text: RH4 (192.168.27.93:104)
For documentation on this error, please visit: http://seleniumhq.org/exceptions/no_such_element.html
Build info: version: '2.46.0', revision: '61506a4624b13675f24581e453592342b7485d71', time: '2015-06-04 10:22:50'
System info: host: 'Medweb-QSG', ip: '192.168.27.51', os.name: 'Windows 8', os.arch: 'amd64', os.version: '6.2', java.version: '1.7.0_51'
Driver info: driver.version: unknown
	at org.openqa.selenium.support.ui.Select.selectByVisibleText(Select.java:150)
	at lib.page.ViewPatients.selStorageDevice(ViewPatients.java:682)
	at requirementGroup.DICOMSettings.HappyDayLocalSettings.testHappyDay167038(HappyDayLocalSettings.java:1128)
... Removed 24 stack frames]]>
    </failure>
  </testcase> <!-- testHappyDay167038 -->
  <testcase name="testHappyDay68316" time="100.757" classname="requirementGroup.DICOMSettings.HappyDayLocalSettings">
    <failure type="org.openqa.selenium.NoSuchElementException" message="Unable to find element with xpath == //input[@type=&amp;apos;text&amp;apos;][@name=&amp;apos;credential_0&amp;apos;] (WARNING: The server did not provide any stacktrace information)
Command duration or timeout: 15.27 seconds
For documentation on this error, please visit: http://seleniumhq.org/exceptions/no_such_element.html
Build info: version: &amp;apos;2.46.0&amp;apos;, revision: &amp;apos;61506a4624b13675f24581e453592342b7485d71&amp;apos;, time: &amp;apos;2015-06-04 10:22:50&amp;apos;
System info: host: &amp;apos;Medweb-QSG&amp;apos;, ip: &amp;apos;192.168.27.51&amp;apos;, os.name: &amp;apos;Windows 8&amp;apos;, os.arch: &amp;apos;amd64&amp;apos;, os.version: &amp;apos;6.2&amp;apos;, java.version: &amp;apos;1.7.0_51&amp;apos;
*** Element info: {Using=xpath, value=//input[@type=&amp;apos;text&amp;apos;][@name=&amp;apos;credential_0&amp;apos;]}
Session ID: 297d3724-1e36-4bc1-b337-89d84f42512a
Driver info: org.openqa.selenium.ie.InternetExplorerDriver
Capabilities [{platform=WINDOWS, javascriptEnabled=true, elementScrollBehavior=0, ignoreZoomSetting=false, enablePersistentHover=true, ie.ensureCleanSession=false, browserName=internet explorer, enableElementCacheCleanup=true, unexpectedAlertBehaviour=dismiss, version=11, pageLoadStrategy=normal, ie.usePerProcessProxy=false, cssSelectorsEnabled=true, ignoreProtectedModeSettings=false, requireWindowFocus=false, initialBrowserUrl=http://localhost:30119/, handlesAlerts=true, ie.forceCreateProcessApi=false, nativeEvents=true, browserAttachTimeout=0, ie.browserCommandLineSwitches=, takesScreenshot=true}]">
      <![CDATA[org.openqa.selenium.NoSuchElementException: Unable to find element with xpath == //input[@type='text'][@name='credential_0'] (WARNING: The server did not provide any stacktrace information)
Command duration or timeout: 15.27 seconds
For documentation on this error, please visit: http://seleniumhq.org/exceptions/no_such_element.html
Build info: version: '2.46.0', revision: '61506a4624b13675f24581e453592342b7485d71', time: '2015-06-04 10:22:50'
System info: host: 'Medweb-QSG', ip: '192.168.27.51', os.name: 'Windows 8', os.arch: 'amd64', os.version: '6.2', java.version: '1.7.0_51'
*** Element info: {Using=xpath, value=//input[@type='text'][@name='credential_0']}
Session ID: 297d3724-1e36-4bc1-b337-89d84f42512a
Driver info: org.openqa.selenium.ie.InternetExplorerDriver
Capabilities [{platform=WINDOWS, javascriptEnabled=true, elementScrollBehavior=0, ignoreZoomSetting=false, enablePersistentHover=true, ie.ensureCleanSession=false, browserName=internet explorer, enableElementCacheCleanup=true, unexpectedAlertBehaviour=dismiss, version=11, pageLoadStrategy=normal, ie.usePerProcessProxy=false, cssSelectorsEnabled=true, ignoreProtectedModeSettings=false, requireWindowFocus=false, initialBrowserUrl=http://localhost:30119/, handlesAlerts=true, ie.forceCreateProcessApi=false, nativeEvents=true, browserAttachTimeout=0, ie.browserCommandLineSwitches=, takesScreenshot=true}]
	at org.openqa.selenium.remote.ErrorHandler.createThrowable(ErrorHandler.java:204)
	at org.openqa.selenium.remote.ErrorHandler.throwIfResponseFailed(ErrorHandler.java:156)
	at org.openqa.selenium.remote.RemoteWebDriver.execute(RemoteWebDriver.java:605)
	at org.openqa.selenium.remote.RemoteWebDriver.findElement(RemoteWebDriver.java:358)
	at org.openqa.selenium.remote.RemoteWebDriver.findElementByXPath(RemoteWebDriver.java:455)
	at org.openqa.selenium.By$ByXPath.findElement(By.java:358)
	at org.openqa.selenium.remote.RemoteWebDriver.findElement(RemoteWebDriver.java:350)
	at qaframework.lib.webElements.WebElements.getOne(WebElements.java:34)
	at qaframework.lib.webElements.WebElements.clearInputValue(WebElements.java:72)
	at lib.page.Login.enterUserName(Login.java:83)
	at lib.page.Login.login(Login.java:45)
	at requirementGroup.DICOMSettings.HappyDayLocalSettings.testHappyDay68316(HappyDayLocalSettings.java:282)
... Removed 27 stack frames]]>
    </failure>
  </testcase> <!-- testHappyDay68316 -->
  <testcase name="testHappyDay167035" time="102.286" classname="requirementGroup.DICOMSettings.HappyDayLocalSettings">
    <failure type="org.openqa.selenium.NoSuchElementException" message="Cannot locate element with text: RH4 (192.168.27.93:104)
For documentation on this error, please visit: http://seleniumhq.org/exceptions/no_such_element.html
Build info: version: &amp;apos;2.46.0&amp;apos;, revision: &amp;apos;61506a4624b13675f24581e453592342b7485d71&amp;apos;, time: &amp;apos;2015-06-04 10:22:50&amp;apos;
System info: host: &amp;apos;Medweb-QSG&amp;apos;, ip: &amp;apos;192.168.27.51&amp;apos;, os.name: &amp;apos;Windows 8&amp;apos;, os.arch: &amp;apos;amd64&amp;apos;, os.version: &amp;apos;6.2&amp;apos;, java.version: &amp;apos;1.7.0_51&amp;apos;
Driver info: driver.version: unknown">
      <![CDATA[org.openqa.selenium.NoSuchElementException: Cannot locate element with text: RH4 (192.168.27.93:104)
For documentation on this error, please visit: http://seleniumhq.org/exceptions/no_such_element.html
Build info: version: '2.46.0', revision: '61506a4624b13675f24581e453592342b7485d71', time: '2015-06-04 10:22:50'
System info: host: 'Medweb-QSG', ip: '192.168.27.51', os.name: 'Windows 8', os.arch: 'amd64', os.version: '6.2', java.version: '1.7.0_51'
Driver info: driver.version: unknown
	at org.openqa.selenium.support.ui.Select.selectByVisibleText(Select.java:150)
	at lib.page.ViewPatients.selStorageDevice(ViewPatients.java:682)
	at requirementGroup.DICOMSettings.HappyDayLocalSettings.testHappyDay167035(HappyDayLocalSettings.java:990)
... Removed 24 stack frames]]>
    </failure>
  </testcase> <!-- testHappyDay167035 -->
  <testcase name="testHappyDay64047" time="32.319" classname="requirementGroup.DICOMSettings.HappyDayLocalSettings"/>
  <testcase name="testHappyDay167039" time="46.363" classname="requirementGroup.DICOMSettings.HappyDayLocalSettings">
    <failure type="org.openqa.selenium.NoSuchWindowException" message="Unable to find element on closed window (WARNING: The server did not provide any stacktrace information)
Command duration or timeout: 15 milliseconds
Build info: version: &amp;apos;2.46.0&amp;apos;, revision: &amp;apos;61506a4624b13675f24581e453592342b7485d71&amp;apos;, time: &amp;apos;2015-06-04 10:22:50&amp;apos;
System info: host: &amp;apos;Medweb-QSG&amp;apos;, ip: &amp;apos;192.168.27.51&amp;apos;, os.name: &amp;apos;Windows 8&amp;apos;, os.arch: &amp;apos;amd64&amp;apos;, os.version: &amp;apos;6.2&amp;apos;, java.version: &amp;apos;1.7.0_51&amp;apos;
*** Element info: {Using=xpath, value=//a[contains(text(),&amp;apos;Continue to this website (not recommended).&amp;apos;)]}
Session ID: d7106ceb-80e1-4045-b4c3-fc79cf27f9ef
Driver info: org.openqa.selenium.ie.InternetExplorerDriver
Capabilities [{platform=WINDOWS, javascriptEnabled=true, elementScrollBehavior=0, ignoreZoomSetting=false, enablePersistentHover=true, ie.ensureCleanSession=false, browserName=internet explorer, enableElementCacheCleanup=true, unexpectedAlertBehaviour=dismiss, version=11, pageLoadStrategy=normal, ie.usePerProcessProxy=false, cssSelectorsEnabled=true, ignoreProtectedModeSettings=false, requireWindowFocus=false, initialBrowserUrl=http://localhost:36962/, handlesAlerts=true, ie.forceCreateProcessApi=false, nativeEvents=true, browserAttachTimeout=0, ie.browserCommandLineSwitches=, takesScreenshot=true}]">
      <![CDATA[org.openqa.selenium.NoSuchWindowException: Unable to find element on closed window (WARNING: The server did not provide any stacktrace information)
Command duration or timeout: 15 milliseconds
Build info: version: '2.46.0', revision: '61506a4624b13675f24581e453592342b7485d71', time: '2015-06-04 10:22:50'
System info: host: 'Medweb-QSG', ip: '192.168.27.51', os.name: 'Windows 8', os.arch: 'amd64', os.version: '6.2', java.version: '1.7.0_51'
*** Element info: {Using=xpath, value=//a[contains(text(),'Continue to this website (not recommended).')]}
Session ID: d7106ceb-80e1-4045-b4c3-fc79cf27f9ef
Driver info: org.openqa.selenium.ie.InternetExplorerDriver
Capabilities [{platform=WINDOWS, javascriptEnabled=true, elementScrollBehavior=0, ignoreZoomSetting=false, enablePersistentHover=true, ie.ensureCleanSession=false, browserName=internet explorer, enableElementCacheCleanup=true, unexpectedAlertBehaviour=dismiss, version=11, pageLoadStrategy=normal, ie.usePerProcessProxy=false, cssSelectorsEnabled=true, ignoreProtectedModeSettings=false, requireWindowFocus=false, initialBrowserUrl=http://localhost:36962/, handlesAlerts=true, ie.forceCreateProcessApi=false, nativeEvents=true, browserAttachTimeout=0, ie.browserCommandLineSwitches=, takesScreenshot=true}]
	at org.openqa.selenium.remote.ErrorHandler.createThrowable(ErrorHandler.java:204)
	at org.openqa.selenium.remote.ErrorHandler.throwIfResponseFailed(ErrorHandler.java:156)
	at org.openqa.selenium.remote.RemoteWebDriver.execute(RemoteWebDriver.java:605)
	at org.openqa.selenium.remote.RemoteWebDriver.findElement(RemoteWebDriver.java:358)
	at org.openqa.selenium.remote.RemoteWebDriver.findElementByXPath(RemoteWebDriver.java:455)
	at org.openqa.selenium.By$ByXPath.findElement(By.java:358)
	at org.openqa.selenium.remote.RemoteWebDriver.findElement(RemoteWebDriver.java:350)
	at qaframework.lib.webElements.WebElements.getOne(WebElements.java:34)
	at lib.module.CommonFunctions.clickOnContinueToThisWebsiteLink(CommonFunctions.java:33)
	at requirementGroup.DICOMSettings.HappyDayLocalSettings.testHappyDay167039(HappyDayLocalSettings.java:1243)
... Removed 28 stack frames]]>
    </failure>
  </testcase> <!-- testHappyDay167039 -->
  <testcase name="testHappyDay59406" time="0.0" classname="requirementGroup.DICOMSettings.HappyDayLocalSettings">
    <skipped/>
  </testcase> <!-- testHappyDay59406 -->
  <testcase name="testHappyDay68191" time="0.015" classname="requirementGroup.ControlPanelServices.HappyDayWorkflowProxy">
    <skipped/>
  </testcase> <!-- testHappyDay68191 -->
  <testcase name="testHappyDay62719" time="0.0" classname="requirementGroup.RISPatientSchedule.HappyDayPatientRegistration">
    <skipped/>
  </testcase> <!-- testHappyDay62719 -->
  <testcase name="testHappyDay68366" time="0.0" classname="requirementGroup.DICOMSettings.HappyDayAddingDestination">
    <skipped/>
  </testcase> <!-- testHappyDay68366 -->
  <testcase name="testHappyDay68373" time="0.0" classname="requirementGroup.DICOMSettings.HappyDayAddingDestination">
    <skipped/>
  </testcase> <!-- testHappyDay68373 -->
  <testcase name="testHappyDay68372" time="0.0" classname="requirementGroup.DICOMSettings.HappyDayAddingDestination">
    <skipped/>
  </testcase> <!-- testHappyDay68372 -->
  <testcase name="testHappyDay165867" time="0.0" classname="requirementGroup.ControlPanelServices.HappyDayMedwebStatistics">
    <skipped/>
  </testcase> <!-- testHappyDay165867 -->
  <testcase name="testHappyDay68279" time="0.0" classname="requirementGroup.Maintenance.HappyDayBackup">
    <skipped/>
  </testcase> <!-- testHappyDay68279 -->
  <testcase name="testHappyDay68278" time="0.0" classname="requirementGroup.Maintenance.HappyDayBackup">
    <skipped/>
  </testcase> <!-- testHappyDay68278 -->
  <testcase name="testHappyDay59393" time="0.0" classname="requirementGroup.ViewPatients.HappyDayImageManagementToolsQCSandbox">
    <skipped/>
  </testcase> <!-- testHappyDay59393 -->
  <testcase name="testHappyDay68467" time="0.0" classname="requirementGroup.ViewPatients.HappyDayImageManagementToolsSendingMWWReports">
    <skipped/>
  </testcase> <!-- testHappyDay68467 -->
  <testcase name="testHappyDay68292" time="0.0" classname="requirementGroup.Maintenance.HappyDayRestore">
    <skipped/>
  </testcase> <!-- testHappyDay68292 -->
  <testcase name="testHappyDay68545" time="0.015" classname="requirementGroup.ViewPatients.HappyDayWebReportsCreateReportsInReportEditor">
    <skipped/>
  </testcase> <!-- testHappyDay68545 -->
  <testcase name="testHappyDay68553" time="0.0" classname="requirementGroup.ViewPatients.HappyDayWebReportsCreateReportsInReportEditor">
    <skipped/>
  </testcase> <!-- testHappyDay68553 -->
  <testcase name="testHappyDay68465" time="0.0" classname="requirementGroup.ViewPatients.HappyDayImageManagementToolsSendingPDFReports">
    <skipped/>
  </testcase> <!-- testHappyDay68465 -->
  <testcase name="testHappyDay68385" time="0.0" classname="requirementGroup.DICOMSettings.HappyDayAetitleRouting">
    <skipped/>
  </testcase> <!-- testHappyDay68385 -->
  <testcase name="testHappyDay68393" time="0.0" classname="requirementGroup.DICOMSettings.HappyDayAetitleRouting">
    <skipped/>
  </testcase> <!-- testHappyDay68393 -->
  <testcase name="testHappyDay68389" time="0.0" classname="requirementGroup.DICOMSettings.HappyDayAetitleRouting">
    <skipped/>
  </testcase> <!-- testHappyDay68389 -->
  <testcase name="testHappyDay68387" time="0.0" classname="requirementGroup.DICOMSettings.HappyDayAetitleRouting">
    <skipped/>
  </testcase> <!-- testHappyDay68387 -->
</testsuite> <!-- Test(failed)(failed)(failed)(failed)(failed) -->
