<?xml version="1.0" encoding="UTF-8"?>
<!-- Generated by org.testng.reporters.JUnitXMLReporter -->
<testsuite hostname="Medweb-QSG" name="Test(failed)(failed)(failed)(failed)(failed)(failed)" tests="27" failures="3" timestamp="9 Oct 2015 11:21:25 GMT" time="486.308" errors="0">
  <testcase name="@AfterMethod tearDown" time="0.0" classname="requirementGroup.DICOMSettings.HappyDayLocalSettings">
    <failure type="org.openqa.selenium.remote.SessionNotFoundException" message="session a9a32a89-6ee7-4236-abc3-d5687bd49a00 does not exist
Command duration or timeout: 0 milliseconds
Build info: version: &amp;apos;2.46.0&amp;apos;, revision: &amp;apos;61506a4624b13675f24581e453592342b7485d71&amp;apos;, time: &amp;apos;2015-06-04 10:22:50&amp;apos;
System info: host: &amp;apos;Medweb-QSG&amp;apos;, ip: &amp;apos;192.168.27.51&amp;apos;, os.name: &amp;apos;Windows 8&amp;apos;, os.arch: &amp;apos;amd64&amp;apos;, os.version: &amp;apos;6.2&amp;apos;, java.version: &amp;apos;1.7.0_51&amp;apos;
Session ID: a9a32a89-6ee7-4236-abc3-d5687bd49a00
Driver info: org.openqa.selenium.ie.InternetExplorerDriver
Capabilities [{platform=WINDOWS, javascriptEnabled=true, elementScrollBehavior=0, ignoreZoomSetting=false, enablePersistentHover=true, ie.ensureCleanSession=false, browserName=internet explorer, enableElementCacheCleanup=true, unexpectedAlertBehaviour=dismiss, version=11, pageLoadStrategy=normal, ie.usePerProcessProxy=false, cssSelectorsEnabled=true, ignoreProtectedModeSettings=false, requireWindowFocus=false, initialBrowserUrl=http://localhost:25165/, handlesAlerts=true, ie.forceCreateProcessApi=false, nativeEvents=true, browserAttachTimeout=0, ie.browserCommandLineSwitches=, takesScreenshot=true}]">
      <![CDATA[org.openqa.selenium.remote.SessionNotFoundException: session a9a32a89-6ee7-4236-abc3-d5687bd49a00 does not exist
Command duration or timeout: 0 milliseconds
Build info: version: '2.46.0', revision: '61506a4624b13675f24581e453592342b7485d71', time: '2015-06-04 10:22:50'
System info: host: 'Medweb-QSG', ip: '192.168.27.51', os.name: 'Windows 8', os.arch: 'amd64', os.version: '6.2', java.version: '1.7.0_51'
Session ID: a9a32a89-6ee7-4236-abc3-d5687bd49a00
Driver info: org.openqa.selenium.ie.InternetExplorerDriver
Capabilities [{platform=WINDOWS, javascriptEnabled=true, elementScrollBehavior=0, ignoreZoomSetting=false, enablePersistentHover=true, ie.ensureCleanSession=false, browserName=internet explorer, enableElementCacheCleanup=true, unexpectedAlertBehaviour=dismiss, version=11, pageLoadStrategy=normal, ie.usePerProcessProxy=false, cssSelectorsEnabled=true, ignoreProtectedModeSettings=false, requireWindowFocus=false, initialBrowserUrl=http://localhost:25165/, handlesAlerts=true, ie.forceCreateProcessApi=false, nativeEvents=true, browserAttachTimeout=0, ie.browserCommandLineSwitches=, takesScreenshot=true}]
	at org.openqa.selenium.remote.ErrorHandler.createThrowable(ErrorHandler.java:204)
	at org.openqa.selenium.remote.ErrorHandler.throwIfResponseFailed(ErrorHandler.java:162)
	at org.openqa.selenium.remote.RemoteWebDriver.execute(RemoteWebDriver.java:605)
	at org.openqa.selenium.remote.RemoteWebDriver.execute(RemoteWebDriver.java:628)
	at org.openqa.selenium.remote.RemoteWebDriver.close(RemoteWebDriver.java:469)
	at qaframework.lib.testngExtensions.TestNG_UI_EXTENSIONSForOneBrowser.tearDown(TestNG_UI_EXTENSIONSForOneBrowser.java:83)
... Removed 30 stack frames]]>
    </failure>
  </testcase> <!-- @AfterMethod tearDown -->
  <testcase name="@BeforeMethod setUp" time="0.0" classname="requirementGroup.DICOMSettings.HappyDayLocalSettings">
    <skipped/>
  </testcase> <!-- @BeforeMethod setUp -->
  <testcase name="@AfterMethod tearDown" time="0.0" classname="requirementGroup.DICOMSettings.HappyDayLocalSettings">
    <skipped/>
  </testcase> <!-- @AfterMethod tearDown -->
  <testcase name="@BeforeMethod setUp" time="0.0" classname="requirementGroup.DICOMSettings.HappyDayLocalSettings">
    <skipped/>
  </testcase> <!-- @BeforeMethod setUp -->
  <testcase name="@AfterMethod tearDown" time="0.0" classname="requirementGroup.DICOMSettings.HappyDayLocalSettings">
    <skipped/>
  </testcase> <!-- @AfterMethod tearDown -->
  <testcase name="@BeforeMethod setUp" time="0.0" classname="requirementGroup.DICOMSettings.HappyDayLocalSettings">
    <skipped/>
  </testcase> <!-- @BeforeMethod setUp -->
  <testcase name="@AfterMethod tearDown" time="0.0" classname="requirementGroup.DICOMSettings.HappyDayLocalSettings">
    <skipped/>
  </testcase> <!-- @AfterMethod tearDown -->
  <testcase name="@BeforeMethod setUp" time="0.0" classname="requirementGroup.DICOMSettings.HappyDayLocalSettings">
    <skipped/>
  </testcase> <!-- @BeforeMethod setUp -->
  <testcase name="@AfterMethod tearDown" time="0.0" classname="requirementGroup.DICOMSettings.HappyDayLocalSettings">
    <skipped/>
  </testcase> <!-- @AfterMethod tearDown -->
  <testcase name="@BeforeMethod setUp" time="0.0" classname="requirementGroup.DICOMSettings.HappyDayLocalSettings">
    <skipped/>
  </testcase> <!-- @BeforeMethod setUp -->
  <testcase name="@AfterMethod tearDown" time="0.0" classname="requirementGroup.DICOMSettings.HappyDayLocalSettings">
    <skipped/>
  </testcase> <!-- @AfterMethod tearDown -->
  <testcase name="@BeforeMethod setUp" time="0.0" classname="requirementGroup.DICOMSettings.HappyDayLocalSettings">
    <skipped/>
  </testcase> <!-- @BeforeMethod setUp -->
  <testcase name="@AfterMethod tearDown" time="0.0" classname="requirementGroup.DICOMSettings.HappyDayLocalSettings">
    <skipped/>
  </testcase> <!-- @AfterMethod tearDown -->
  <testcase name="@BeforeMethod setUp" time="0.0" classname="requirementGroup.DICOMSettings.HappyDayLocalSettings">
    <skipped/>
  </testcase> <!-- @BeforeMethod setUp -->
  <testcase name="@AfterMethod tearDown" time="0.0" classname="requirementGroup.DICOMSettings.HappyDayLocalSettings">
    <skipped/>
  </testcase> <!-- @AfterMethod tearDown -->
  <testcase name="@BeforeMethod setUp" time="0.0" classname="requirementGroup.Maintenance.HappyDayRestore">
    <skipped/>
  </testcase> <!-- @BeforeMethod setUp -->
  <testcase name="@AfterMethod tearDown" time="0.0" classname="requirementGroup.Maintenance.HappyDayRestore">
    <skipped/>
  </testcase> <!-- @AfterMethod tearDown -->
  <testcase name="@BeforeMethod setUp" time="0.0" classname="requirementGroup.ControlPanelServices.HappyDayMedwebStatistics">
    <skipped/>
  </testcase> <!-- @BeforeMethod setUp -->
  <testcase name="@AfterMethod tearDown" time="0.0" classname="requirementGroup.ControlPanelServices.HappyDayMedwebStatistics">
    <skipped/>
  </testcase> <!-- @AfterMethod tearDown -->
  <testcase name="@BeforeMethod setUp" time="0.0" classname="requirementGroup.ControlPanelServices.HappyDayWorkflowProxy">
    <skipped/>
  </testcase> <!-- @BeforeMethod setUp -->
  <testcase name="@AfterMethod tearDown" time="0.0" classname="requirementGroup.ControlPanelServices.HappyDayWorkflowProxy">
    <skipped/>
  </testcase> <!-- @AfterMethod tearDown -->
  <testcase name="@BeforeMethod setUp" time="0.0" classname="requirementGroup.ViewPatients.HappyDayImageManagementToolsSendingMWWReports">
    <skipped/>
  </testcase> <!-- @BeforeMethod setUp -->
  <testcase name="@AfterMethod tearDown" time="0.0" classname="requirementGroup.ViewPatients.HappyDayImageManagementToolsSendingMWWReports">
    <skipped/>
  </testcase> <!-- @AfterMethod tearDown -->
  <testcase name="@BeforeMethod setUp" time="0.0" classname="requirementGroup.DICOMSettings.HappyDayAddingDestination">
    <skipped/>
  </testcase> <!-- @BeforeMethod setUp -->
  <testcase name="@AfterMethod tearDown" time="0.0" classname="requirementGroup.DICOMSettings.HappyDayAddingDestination">
    <skipped/>
  </testcase> <!-- @AfterMethod tearDown -->
  <testcase name="@BeforeMethod setUp" time="0.0" classname="requirementGroup.DICOMSettings.HappyDayAddingDestination">
    <skipped/>
  </testcase> <!-- @BeforeMethod setUp -->
  <testcase name="@AfterMethod tearDown" time="0.0" classname="requirementGroup.DICOMSettings.HappyDayAddingDestination">
    <skipped/>
  </testcase> <!-- @AfterMethod tearDown -->
  <testcase name="@BeforeMethod setUp" time="0.0" classname="requirementGroup.DICOMSettings.HappyDayAddingDestination">
    <skipped/>
  </testcase> <!-- @BeforeMethod setUp -->
  <testcase name="@AfterMethod tearDown" time="0.0" classname="requirementGroup.DICOMSettings.HappyDayAddingDestination">
    <skipped/>
  </testcase> <!-- @AfterMethod tearDown -->
  <testcase name="@BeforeMethod setUp" time="0.0" classname="requirementGroup.ViewPatients.HappyDayWebReportsCreateReportsInReportEditor">
    <skipped/>
  </testcase> <!-- @BeforeMethod setUp -->
  <testcase name="@AfterMethod tearDown" time="0.0" classname="requirementGroup.ViewPatients.HappyDayWebReportsCreateReportsInReportEditor">
    <skipped/>
  </testcase> <!-- @AfterMethod tearDown -->
  <testcase name="@BeforeMethod setUp" time="0.0" classname="requirementGroup.ViewPatients.HappyDayWebReportsCreateReportsInReportEditor">
    <skipped/>
  </testcase> <!-- @BeforeMethod setUp -->
  <testcase name="@AfterMethod tearDown" time="0.0" classname="requirementGroup.ViewPatients.HappyDayWebReportsCreateReportsInReportEditor">
    <skipped/>
  </testcase> <!-- @AfterMethod tearDown -->
  <testcase name="@BeforeMethod setUp" time="0.0" classname="requirementGroup.Maintenance.HappyDayBackup">
    <skipped/>
  </testcase> <!-- @BeforeMethod setUp -->
  <testcase name="@AfterMethod tearDown" time="0.0" classname="requirementGroup.Maintenance.HappyDayBackup">
    <skipped/>
  </testcase> <!-- @AfterMethod tearDown -->
  <testcase name="@BeforeMethod setUp" time="0.0" classname="requirementGroup.Maintenance.HappyDayBackup">
    <skipped/>
  </testcase> <!-- @BeforeMethod setUp -->
  <testcase name="@AfterMethod tearDown" time="0.0" classname="requirementGroup.Maintenance.HappyDayBackup">
    <skipped/>
  </testcase> <!-- @AfterMethod tearDown -->
  <testcase name="@BeforeMethod setUp" time="0.0" classname="requirementGroup.ViewPatients.HappyDayImageManagementToolsSendingPDFReports">
    <skipped/>
  </testcase> <!-- @BeforeMethod setUp -->
  <testcase name="@AfterMethod tearDown" time="0.0" classname="requirementGroup.ViewPatients.HappyDayImageManagementToolsSendingPDFReports">
    <skipped/>
  </testcase> <!-- @AfterMethod tearDown -->
  <testcase name="@BeforeMethod setUp" time="0.0" classname="requirementGroup.DICOMSettings.HappyDayAetitleRouting">
    <skipped/>
  </testcase> <!-- @BeforeMethod setUp -->
  <testcase name="@AfterMethod tearDown" time="0.0" classname="requirementGroup.DICOMSettings.HappyDayAetitleRouting">
    <skipped/>
  </testcase> <!-- @AfterMethod tearDown -->
  <testcase name="@BeforeMethod setUp" time="0.0" classname="requirementGroup.DICOMSettings.HappyDayAetitleRouting">
    <skipped/>
  </testcase> <!-- @BeforeMethod setUp -->
  <testcase name="@AfterMethod tearDown" time="0.0" classname="requirementGroup.DICOMSettings.HappyDayAetitleRouting">
    <skipped/>
  </testcase> <!-- @AfterMethod tearDown -->
  <testcase name="@BeforeMethod setUp" time="0.0" classname="requirementGroup.DICOMSettings.HappyDayAetitleRouting">
    <skipped/>
  </testcase> <!-- @BeforeMethod setUp -->
  <testcase name="@AfterMethod tearDown" time="0.0" classname="requirementGroup.DICOMSettings.HappyDayAetitleRouting">
    <skipped/>
  </testcase> <!-- @AfterMethod tearDown -->
  <testcase name="@BeforeMethod setUp" time="0.0" classname="requirementGroup.DICOMSettings.HappyDayAetitleRouting">
    <skipped/>
  </testcase> <!-- @BeforeMethod setUp -->
  <testcase name="@AfterMethod tearDown" time="0.0" classname="requirementGroup.DICOMSettings.HappyDayAetitleRouting">
    <skipped/>
  </testcase> <!-- @AfterMethod tearDown -->
  <testcase name="testHappyDay62719" time="30.321" classname="requirementGroup.RISPatientSchedule.HappyDayPatientRegistration"/>
  <testcase name="testHappyDay59393" time="162.339" classname="requirementGroup.ViewPatients.HappyDayImageManagementToolsQCSandbox">
    <failure type="org.openqa.selenium.UnhandledAlertException" message="Modal dialog present: Please select studies!
Build info: version: &amp;apos;2.46.0&amp;apos;, revision: &amp;apos;61506a4624b13675f24581e453592342b7485d71&amp;apos;, time: &amp;apos;2015-06-04 10:22:50&amp;apos;
System info: host: &amp;apos;Medweb-QSG&amp;apos;, ip: &amp;apos;192.168.27.51&amp;apos;, os.name: &amp;apos;Windows 8&amp;apos;, os.arch: &amp;apos;amd64&amp;apos;, os.version: &amp;apos;6.2&amp;apos;, java.version: &amp;apos;1.7.0_51&amp;apos;
Session ID: de9fe256-6db4-41a5-8910-b692bead50da
Driver info: org.openqa.selenium.ie.InternetExplorerDriver
Capabilities [{platform=WINDOWS, javascriptEnabled=true, elementScrollBehavior=0, ignoreZoomSetting=false, enablePersistentHover=true, ie.ensureCleanSession=false, browserName=internet explorer, enableElementCacheCleanup=true, unexpectedAlertBehaviour=dismiss, version=11, pageLoadStrategy=normal, ie.usePerProcessProxy=false, cssSelectorsEnabled=true, ignoreProtectedModeSettings=false, requireWindowFocus=false, initialBrowserUrl=http://localhost:47730/, handlesAlerts=true, ie.forceCreateProcessApi=false, nativeEvents=true, browserAttachTimeout=0, ie.browserCommandLineSwitches=, takesScreenshot=true}]">
      <![CDATA[org.openqa.selenium.UnhandledAlertException: Modal dialog present: Please select studies!
Build info: version: '2.46.0', revision: '61506a4624b13675f24581e453592342b7485d71', time: '2015-06-04 10:22:50'
System info: host: 'Medweb-QSG', ip: '192.168.27.51', os.name: 'Windows 8', os.arch: 'amd64', os.version: '6.2', java.version: '1.7.0_51'
Session ID: de9fe256-6db4-41a5-8910-b692bead50da
Driver info: org.openqa.selenium.ie.InternetExplorerDriver
Capabilities [{platform=WINDOWS, javascriptEnabled=true, elementScrollBehavior=0, ignoreZoomSetting=false, enablePersistentHover=true, ie.ensureCleanSession=false, browserName=internet explorer, enableElementCacheCleanup=true, unexpectedAlertBehaviour=dismiss, version=11, pageLoadStrategy=normal, ie.usePerProcessProxy=false, cssSelectorsEnabled=true, ignoreProtectedModeSettings=false, requireWindowFocus=false, initialBrowserUrl=http://localhost:47730/, handlesAlerts=true, ie.forceCreateProcessApi=false, nativeEvents=true, browserAttachTimeout=0, ie.browserCommandLineSwitches=, takesScreenshot=true}]
	at org.openqa.selenium.remote.ErrorHandler.createThrowable(ErrorHandler.java:204)
	at org.openqa.selenium.remote.ErrorHandler.createUnhandledAlertException(ErrorHandler.java:185)
	at org.openqa.selenium.remote.ErrorHandler.throwIfResponseFailed(ErrorHandler.java:152)
	at org.openqa.selenium.remote.RemoteWebDriver.execute(RemoteWebDriver.java:605)
	at org.openqa.selenium.remote.RemoteWebDriver.execute(RemoteWebDriver.java:628)
	at org.openqa.selenium.remote.RemoteWebDriver.getWindowHandle(RemoteWebDriver.java:495)
	at lib.page.ViewPatients.delAllSelectedStudies1(ViewPatients.java:1049)
	at requirementGroup.ViewPatients.HappyDayImageManagementToolsQCSandbox.testHappyDay59393(HappyDayImageManagementToolsQCSandbox.java:114)
... Removed 28 stack frames]]>
    </failure>
  </testcase> <!-- testHappyDay59393 -->
  <testcase name="testHappyDay68324" time="90.052" classname="requirementGroup.DICOMSettings.HappyDayLocalSettings">
    <failure type="org.openqa.selenium.NoSuchElementException" message="Unable to find element with xpath == //td[contains(text(),&amp;apos;PFQ000206S&amp;apos;)]//preceding-sibling::td//input (WARNING: The server did not provide any stacktrace information)
Command duration or timeout: 15.17 seconds
For documentation on this error, please visit: http://seleniumhq.org/exceptions/no_such_element.html
Build info: version: &amp;apos;2.46.0&amp;apos;, revision: &amp;apos;61506a4624b13675f24581e453592342b7485d71&amp;apos;, time: &amp;apos;2015-06-04 10:22:50&amp;apos;
System info: host: &amp;apos;Medweb-QSG&amp;apos;, ip: &amp;apos;192.168.27.51&amp;apos;, os.name: &amp;apos;Windows 8&amp;apos;, os.arch: &amp;apos;amd64&amp;apos;, os.version: &amp;apos;6.2&amp;apos;, java.version: &amp;apos;1.7.0_51&amp;apos;
*** Element info: {Using=xpath, value=//td[contains(text(),&amp;apos;PFQ000206S&amp;apos;)]//preceding-sibling::td//input}
Session ID: 39d5506e-95c5-4159-9909-5f409f601afd
Driver info: org.openqa.selenium.ie.InternetExplorerDriver
Capabilities [{platform=WINDOWS, javascriptEnabled=true, elementScrollBehavior=0, ignoreZoomSetting=false, enablePersistentHover=true, ie.ensureCleanSession=false, browserName=internet explorer, enableElementCacheCleanup=true, unexpectedAlertBehaviour=dismiss, version=11, pageLoadStrategy=normal, ie.usePerProcessProxy=false, cssSelectorsEnabled=true, ignoreProtectedModeSettings=false, requireWindowFocus=false, initialBrowserUrl=http://localhost:35160/, handlesAlerts=true, ie.forceCreateProcessApi=false, nativeEvents=true, browserAttachTimeout=0, ie.browserCommandLineSwitches=, takesScreenshot=true}]">
      <![CDATA[org.openqa.selenium.NoSuchElementException: Unable to find element with xpath == //td[contains(text(),'PFQ000206S')]//preceding-sibling::td//input (WARNING: The server did not provide any stacktrace information)
Command duration or timeout: 15.17 seconds
For documentation on this error, please visit: http://seleniumhq.org/exceptions/no_such_element.html
Build info: version: '2.46.0', revision: '61506a4624b13675f24581e453592342b7485d71', time: '2015-06-04 10:22:50'
System info: host: 'Medweb-QSG', ip: '192.168.27.51', os.name: 'Windows 8', os.arch: 'amd64', os.version: '6.2', java.version: '1.7.0_51'
*** Element info: {Using=xpath, value=//td[contains(text(),'PFQ000206S')]//preceding-sibling::td//input}
Session ID: 39d5506e-95c5-4159-9909-5f409f601afd
Driver info: org.openqa.selenium.ie.InternetExplorerDriver
Capabilities [{platform=WINDOWS, javascriptEnabled=true, elementScrollBehavior=0, ignoreZoomSetting=false, enablePersistentHover=true, ie.ensureCleanSession=false, browserName=internet explorer, enableElementCacheCleanup=true, unexpectedAlertBehaviour=dismiss, version=11, pageLoadStrategy=normal, ie.usePerProcessProxy=false, cssSelectorsEnabled=true, ignoreProtectedModeSettings=false, requireWindowFocus=false, initialBrowserUrl=http://localhost:35160/, handlesAlerts=true, ie.forceCreateProcessApi=false, nativeEvents=true, browserAttachTimeout=0, ie.browserCommandLineSwitches=, takesScreenshot=true}]
	at org.openqa.selenium.remote.ErrorHandler.createThrowable(ErrorHandler.java:204)
	at org.openqa.selenium.remote.ErrorHandler.throwIfResponseFailed(ErrorHandler.java:156)
	at org.openqa.selenium.remote.RemoteWebDriver.execute(RemoteWebDriver.java:605)
	at org.openqa.selenium.remote.RemoteWebDriver.findElement(RemoteWebDriver.java:358)
	at org.openqa.selenium.remote.RemoteWebDriver.findElementByXPath(RemoteWebDriver.java:455)
	at org.openqa.selenium.By$ByXPath.findElement(By.java:358)
	at org.openqa.selenium.remote.RemoteWebDriver.findElement(RemoteWebDriver.java:350)
	at qaframework.lib.webElements.WebElements.getOne(WebElements.java:34)
	at lib.page.ViewPatients.deSelThisStudyReadCheckBox(ViewPatients.java:875)
	at requirementGroup.DICOMSettings.HappyDayLocalSettings.testHappyDay68324(HappyDayLocalSettings.java:688)
... Removed 28 stack frames]]>
    </failure>
  </testcase> <!-- testHappyDay68324 -->
  <testcase name="testHappyDay68321" time="178.436" classname="requirementGroup.DICOMSettings.HappyDayLocalSettings">
    <failure type="org.openqa.selenium.remote.SessionNotFoundException" message="session a9a32a89-6ee7-4236-abc3-d5687bd49a00 does not exist
Command duration or timeout: 0 milliseconds
Build info: version: &amp;apos;2.46.0&amp;apos;, revision: &amp;apos;61506a4624b13675f24581e453592342b7485d71&amp;apos;, time: &amp;apos;2015-06-04 10:22:50&amp;apos;
System info: host: &amp;apos;Medweb-QSG&amp;apos;, ip: &amp;apos;192.168.27.51&amp;apos;, os.name: &amp;apos;Windows 8&amp;apos;, os.arch: &amp;apos;amd64&amp;apos;, os.version: &amp;apos;6.2&amp;apos;, java.version: &amp;apos;1.7.0_51&amp;apos;
Session ID: a9a32a89-6ee7-4236-abc3-d5687bd49a00
Driver info: org.openqa.selenium.ie.InternetExplorerDriver
Capabilities [{platform=WINDOWS, javascriptEnabled=true, elementScrollBehavior=0, ignoreZoomSetting=false, enablePersistentHover=true, ie.ensureCleanSession=false, browserName=internet explorer, enableElementCacheCleanup=true, unexpectedAlertBehaviour=dismiss, version=11, pageLoadStrategy=normal, ie.usePerProcessProxy=false, cssSelectorsEnabled=true, ignoreProtectedModeSettings=false, requireWindowFocus=false, initialBrowserUrl=http://localhost:25165/, handlesAlerts=true, ie.forceCreateProcessApi=false, nativeEvents=true, browserAttachTimeout=0, ie.browserCommandLineSwitches=, takesScreenshot=true}]">
      <![CDATA[org.openqa.selenium.remote.SessionNotFoundException: session a9a32a89-6ee7-4236-abc3-d5687bd49a00 does not exist
Command duration or timeout: 0 milliseconds
Build info: version: '2.46.0', revision: '61506a4624b13675f24581e453592342b7485d71', time: '2015-06-04 10:22:50'
System info: host: 'Medweb-QSG', ip: '192.168.27.51', os.name: 'Windows 8', os.arch: 'amd64', os.version: '6.2', java.version: '1.7.0_51'
Session ID: a9a32a89-6ee7-4236-abc3-d5687bd49a00
Driver info: org.openqa.selenium.ie.InternetExplorerDriver
Capabilities [{platform=WINDOWS, javascriptEnabled=true, elementScrollBehavior=0, ignoreZoomSetting=false, enablePersistentHover=true, ie.ensureCleanSession=false, browserName=internet explorer, enableElementCacheCleanup=true, unexpectedAlertBehaviour=dismiss, version=11, pageLoadStrategy=normal, ie.usePerProcessProxy=false, cssSelectorsEnabled=true, ignoreProtectedModeSettings=false, requireWindowFocus=false, initialBrowserUrl=http://localhost:25165/, handlesAlerts=true, ie.forceCreateProcessApi=false, nativeEvents=true, browserAttachTimeout=0, ie.browserCommandLineSwitches=, takesScreenshot=true}]
	at org.openqa.selenium.remote.ErrorHandler.createThrowable(ErrorHandler.java:204)
	at org.openqa.selenium.remote.ErrorHandler.throwIfResponseFailed(ErrorHandler.java:162)
	at org.openqa.selenium.remote.RemoteWebDriver.execute(RemoteWebDriver.java:605)
	at org.openqa.selenium.remote.RemoteWebDriver$RemoteTargetLocator.window(RemoteWebDriver.java:905)
	at requirementGroup.DICOMSettings.HappyDayLocalSettings.testHappyDay68321(HappyDayLocalSettings.java:421)
... Removed 28 stack frames]]>
    </failure>
  </testcase> <!-- testHappyDay68321 -->
  <testcase name="testHappyDay68326" time="0.0" classname="requirementGroup.DICOMSettings.HappyDayLocalSettings">
    <skipped/>
  </testcase> <!-- testHappyDay68326 -->
  <testcase name="testHappyDay100685" time="0.0" classname="requirementGroup.DICOMSettings.HappyDayLocalSettings">
    <skipped/>
  </testcase> <!-- testHappyDay100685 -->
  <testcase name="testHappyDay167038" time="0.0" classname="requirementGroup.DICOMSettings.HappyDayLocalSettings">
    <skipped/>
  </testcase> <!-- testHappyDay167038 -->
  <testcase name="testHappyDay68316" time="0.0" classname="requirementGroup.DICOMSettings.HappyDayLocalSettings">
    <skipped/>
  </testcase> <!-- testHappyDay68316 -->
  <testcase name="testHappyDay167035" time="0.0" classname="requirementGroup.DICOMSettings.HappyDayLocalSettings">
    <skipped/>
  </testcase> <!-- testHappyDay167035 -->
  <testcase name="testHappyDay167039" time="0.0" classname="requirementGroup.DICOMSettings.HappyDayLocalSettings">
    <skipped/>
  </testcase> <!-- testHappyDay167039 -->
  <testcase name="testHappyDay59406" time="0.0" classname="requirementGroup.DICOMSettings.HappyDayLocalSettings">
    <skipped/>
  </testcase> <!-- testHappyDay59406 -->
  <testcase name="testHappyDay68292" time="0.0" classname="requirementGroup.Maintenance.HappyDayRestore">
    <skipped/>
  </testcase> <!-- testHappyDay68292 -->
  <testcase name="testHappyDay165867" time="0.0" classname="requirementGroup.ControlPanelServices.HappyDayMedwebStatistics">
    <skipped/>
  </testcase> <!-- testHappyDay165867 -->
  <testcase name="testHappyDay68191" time="0.0" classname="requirementGroup.ControlPanelServices.HappyDayWorkflowProxy">
    <skipped/>
  </testcase> <!-- testHappyDay68191 -->
  <testcase name="testHappyDay68467" time="0.0" classname="requirementGroup.ViewPatients.HappyDayImageManagementToolsSendingMWWReports">
    <skipped/>
  </testcase> <!-- testHappyDay68467 -->
  <testcase name="testHappyDay68366" time="0.0" classname="requirementGroup.DICOMSettings.HappyDayAddingDestination">
    <skipped/>
  </testcase> <!-- testHappyDay68366 -->
  <testcase name="testHappyDay68373" time="0.0" classname="requirementGroup.DICOMSettings.HappyDayAddingDestination">
    <skipped/>
  </testcase> <!-- testHappyDay68373 -->
  <testcase name="testHappyDay68372" time="0.0" classname="requirementGroup.DICOMSettings.HappyDayAddingDestination">
    <skipped/>
  </testcase> <!-- testHappyDay68372 -->
  <testcase name="testHappyDay68545" time="0.0" classname="requirementGroup.ViewPatients.HappyDayWebReportsCreateReportsInReportEditor">
    <skipped/>
  </testcase> <!-- testHappyDay68545 -->
  <testcase name="testHappyDay68553" time="0.0" classname="requirementGroup.ViewPatients.HappyDayWebReportsCreateReportsInReportEditor">
    <skipped/>
  </testcase> <!-- testHappyDay68553 -->
  <testcase name="testHappyDay68279" time="0.0" classname="requirementGroup.Maintenance.HappyDayBackup">
    <skipped/>
  </testcase> <!-- testHappyDay68279 -->
  <testcase name="testHappyDay68278" time="0.0" classname="requirementGroup.Maintenance.HappyDayBackup">
    <skipped/>
  </testcase> <!-- testHappyDay68278 -->
  <testcase name="testHappyDay68465" time="0.0" classname="requirementGroup.ViewPatients.HappyDayImageManagementToolsSendingPDFReports">
    <skipped/>
  </testcase> <!-- testHappyDay68465 -->
  <testcase name="testHappyDay68385" time="0.0" classname="requirementGroup.DICOMSettings.HappyDayAetitleRouting">
    <skipped/>
  </testcase> <!-- testHappyDay68385 -->
  <testcase name="testHappyDay68393" time="0.0" classname="requirementGroup.DICOMSettings.HappyDayAetitleRouting">
    <skipped/>
  </testcase> <!-- testHappyDay68393 -->
  <testcase name="testHappyDay68389" time="0.0" classname="requirementGroup.DICOMSettings.HappyDayAetitleRouting">
    <skipped/>
  </testcase> <!-- testHappyDay68389 -->
  <testcase name="testHappyDay68387" time="0.0" classname="requirementGroup.DICOMSettings.HappyDayAetitleRouting">
    <skipped/>
  </testcase> <!-- testHappyDay68387 -->
</testsuite> <!-- Test(failed)(failed)(failed)(failed)(failed)(failed) -->
